<?xml version="1.0" encoding="utf-8"?>
<?AutomationStudio Version=3.0?>
<Transfer xmlns="http://br-automation.co.at/AS/Transfer">
  <OperatingSystem Version="J4.93"/>
  <Hardware Target="SG4"/>
  <Operation Delete="Vis.br"/>
  <Operation Delete="Main.br"/>
  <Operation Delete="ModMaster.br"/>
  <Operation Delete="HA_SysErr.br"/>
  <Operation Delete="HA_ItemX.br"/>
  <Operation Delete="HA_Convert.br"/>
  <Operation Delete="HA_Dir.br"/>
  <Operation Delete="HA_IO.br"/>
  <Operation Delete="HA_Version.br"/>
  <Operation Delete="MpCom.br"/>
  <Operation Delete="AsOpcUas.br"/>
  <Operation Delete="mvLoader.br"/>
  <Operation Delete="Str2DtPvdr.br"/>
  <Operation Delete="HA_AlarmX.br"/>
  <Operation Delete="IDEC_Real.br"/>
  <Operation Delete="MbusTCP.br"/>
  <Operation Delete="MpAlarmX.br"/>
  <Operation Delete="dataobj.br"/>
  <Operation Delete="HA_Array.br"/>
  <Operation Delete="HA_Str.br"/>
  <Operation Delete="AsUSB.br"/>
  <Operation Delete="HA.br"/>
  <Operation Delete="ArEventLog.br"/>
  <Operation Delete="ArProject.br"/>
  <Operation Delete="brsystem.br"/>
  <Operation Delete="MpBase.br"/>
  <Operation Delete="AsTCP.br"/>
  <Operation Delete="AsARCfg.br"/>
  <Operation Delete="sys_lib.br"/>
  <Operation Delete="AsIecCon.br"/>
  <Operation Delete="astime.br"/>
  <Operation Delete="AsOpcUac.br"/>
  <Operation Delete="FileIO.br"/>
  <Operation Delete="arssl.br"/>
  <Operation Download="ashwd.br" Memory="SystemROM"/>
  <Operation Download="asfw.br" Memory="SystemROM"/>
  <Operation Download="arconfig.br" Memory="SystemROM"/>
  <Operation Download="sysconf.br" Memory="SystemROM"/>
  <Operation Restart="warm"/>
  <Operation Download="NcGlobal.br" Memory="UserROM"/>
  <Operation Restart="warm"/>
  <Operation Download="FWRules.br" Memory="UserROM"/>
  <Operation Download="TCData.br" Memory="SystemROM"/>
  <Operation Download="udbdef.br" Memory="UserROM"/>
  <Operation Download="TCLang.br" Memory="UserROM"/>
  <Operation Download="iomap.br" Memory="UserROM"/>
  <Operation Download="ashwac.br" Memory="UserROM"/>
  <Operation Download="User.br" Memory="UserROM"/>
  <Operation Download="Role.br" Memory="UserROM"/>
  <Operation Download="TC.br" Memory="UserROM"/>
  <Operation Download="runtime.br" Memory="UserROM"/>
  <Operation Download="standard.br" Memory="UserROM"/>
  <Operation Download="AsBrStr.br" Memory="UserROM"/>
  <Operation Download="ArTextSys.br" Memory="UserROM"/>
  <Operation Download="asstring.br" Memory="UserROM"/>
  <Operation Download="AsBrWStr.br" Memory="UserROM"/>
  <Operation Download="HA_RAND.br" Memory="UserROM"/>
  <Operation Download="Config.br" Memory="UserROM"/>
  <Operation Download="Config_1.br" Memory="UserROM"/>
  <Operation Download="Config_2.br" Memory="UserROM"/>
  <Operation Download="arsvcreg.br" Memory="UserROM"/>
  <Operation Download="arssl.br" Memory="UserROM"/>
  <Operation Download="FileIO.br" Memory="UserROM"/>
  <Operation Download="AsOpcUac.br" Memory="UserROM"/>
  <Operation Download="astime.br" Memory="UserROM"/>
  <Operation Download="AsIecCon.br" Memory="UserROM"/>
  <Operation Download="sys_lib.br" Memory="UserROM"/>
  <Operation Download="AsARCfg.br" Memory="UserROM"/>
  <Operation Download="AsTCP.br" Memory="UserROM"/>
  <Operation Download="MpBase.br" Memory="UserROM"/>
  <Operation Download="brsystem.br" Memory="UserROM"/>
  <Operation Download="ArProject.br" Memory="UserROM"/>
  <Operation Download="ArEventLog.br" Memory="UserROM"/>
  <Operation Download="HA.br" Memory="UserROM"/>
  <Operation Download="AsUSB.br" Memory="UserROM"/>
  <Operation Download="HA_Str.br" Memory="UserROM"/>
  <Operation Download="HA_Array.br" Memory="UserROM"/>
  <Operation Download="dataobj.br" Memory="UserROM"/>
  <Operation Download="MpAlarmX.br" Memory="UserROM"/>
  <Operation Download="MbusTCP.br" Memory="UserROM"/>
  <Operation Download="IDEC_Real.br" Memory="UserROM"/>
  <Operation Download="HA_AlarmX.br" Memory="UserROM"/>
  <Operation Download="Str2DtPvdr.br" Memory="UserROM"/>
  <Operation Download="mvLoader.br" Memory="UserROM"/>
  <Operation Download="AsOpcUas.br" Memory="UserROM"/>
  <Operation Download="MpCom.br" Memory="UserROM"/>
  <Operation Download="HA_Version.br" Memory="UserROM"/>
  <Operation Download="HA_IO.br" Memory="UserROM"/>
  <Operation Download="HA_Dir.br" Memory="UserROM"/>
  <Operation Download="HA_Convert.br" Memory="UserROM"/>
  <Operation Download="HA_ItemX.br" Memory="UserROM"/>
  <Operation Download="HA_SysErr.br" Memory="UserROM"/>
  <Operation Download="ModMaster.br" Memory="UserROM"/>
  <Operation Download="Main.br" Memory="UserROM"/>
  <Operation Download="Vis.br" Memory="UserROM"/>
</Transfer>